16:20:13,985 DEBUG SystemUtils:27 - Using thread classloader
16:20:14,246 DEBUG FileManager:149 - Add location: LocatorFile
16:20:14,247 DEBUG FileManager:149 - Add location: ClassLoaderLocator
16:20:14,249 DEBUG LocationMapper:143 - Failed to find configuration: file:location-mapping.rdf;file:location-mapping.n3;file:location-mapping.ttl;file:etc/location-mapping.rdf;file:etc/location-mapping.n3;file:etc/location-mapping.ttl
16:20:14,249 DEBUG FileManager:149 - Add location: LocatorFile
16:20:14,250 DEBUG FileManager:149 - Add location: LocatorURL
16:20:14,250 DEBUG FileManager:149 - Add location: ClassLoaderLocator
16:20:14,254 DEBUG FileManager:149 - Add location: LocatorFile
16:20:14,254 DEBUG FileManager:149 - Add location: LocatorURL
16:20:14,254 DEBUG FileManager:149 - Add location: ClassLoaderLocator
16:20:14,255 DEBUG FileManager:532 - Found: file:etc/ont-policy.rdf (ClassLoaderLocator)
16:25:26,456 DEBUG SystemUtils:27 - Using thread classloader
16:25:26,725 DEBUG FileManager:149 - Add location: LocatorFile
16:25:26,726 DEBUG FileManager:149 - Add location: ClassLoaderLocator
16:25:26,728 DEBUG LocationMapper:143 - Failed to find configuration: file:location-mapping.rdf;file:location-mapping.n3;file:location-mapping.ttl;file:etc/location-mapping.rdf;file:etc/location-mapping.n3;file:etc/location-mapping.ttl
16:25:26,728 DEBUG FileManager:149 - Add location: LocatorFile
16:25:26,729 DEBUG FileManager:149 - Add location: LocatorURL
16:25:26,729 DEBUG FileManager:149 - Add location: ClassLoaderLocator
16:25:26,733 DEBUG FileManager:149 - Add location: LocatorFile
16:25:26,733 DEBUG FileManager:149 - Add location: LocatorURL
16:25:26,733 DEBUG FileManager:149 - Add location: ClassLoaderLocator
16:25:26,734 DEBUG FileManager:532 - Found: file:etc/ont-policy.rdf (ClassLoaderLocator)
