16:17:32,152  INFO DataSourceC3P0:61 - Acquired datasource [b6c6fa87-a235-4a85-9f80-2fcfd3fd06f5] with properties... {c3p0.maxIdleTime=5, c3p0.initialPoolSize=100, user=******, c3p0.numHelperThreads=110, c3p0.acquireIncrement=3, c3p0.checkoutTimeout=0, c3p0.debugUnreturnedConnectionStackTraces=true, c3p0.testConnectionOnCheckout=true, c3p0.testConnectionOnCheckin=true, c3p0.acquireRetryDelay=1000, password=******, c3p0.maxPoolSize=1000, c3p0.jdbcUrl=jdbc:mysql://localhost:3306/toxotisdb?useUnicode=true&characterEncoding=UTF8&characterSetResults=UTF-8, c3p0.minPoolSize=50, c3p0.acquireRetryAttempts=50}
16:18:43,221  INFO DataSourceC3P0:61 - Acquired datasource [ff1c5269-7f5f-4cf2-933d-c7a4b734d5d7] with properties... {c3p0.maxIdleTime=5, c3p0.initialPoolSize=100, user=******, c3p0.numHelperThreads=110, c3p0.acquireIncrement=3, c3p0.checkoutTimeout=0, c3p0.debugUnreturnedConnectionStackTraces=true, c3p0.testConnectionOnCheckout=true, c3p0.testConnectionOnCheckin=true, c3p0.acquireRetryDelay=1000, password=******, c3p0.maxPoolSize=1000, c3p0.jdbcUrl=jdbc:mysql://localhost:3306/toxotisdb?useUnicode=true&characterEncoding=UTF8&characterSetResults=UTF-8, c3p0.minPoolSize=50, c3p0.acquireRetryAttempts=50}
16:19:38,415  INFO DataSourceC3P0:61 - Acquired datasource [1aca5734-0c30-4bcb-9db4-77e8ce578435] with properties... {c3p0.maxIdleTime=5, c3p0.initialPoolSize=100, user=******, c3p0.numHelperThreads=110, c3p0.acquireIncrement=3, c3p0.checkoutTimeout=0, c3p0.debugUnreturnedConnectionStackTraces=true, c3p0.testConnectionOnCheckout=true, c3p0.testConnectionOnCheckin=true, c3p0.acquireRetryDelay=1000, password=******, c3p0.maxPoolSize=1000, c3p0.jdbcUrl=jdbc:mysql://localhost:3306/toxotisdb?useUnicode=true&characterEncoding=UTF8&characterSetResults=UTF-8, c3p0.minPoolSize=50, c3p0.acquireRetryAttempts=50}
16:20:02,355  INFO DataSourceC3P0:61 - Acquired datasource [12305819-6206-451b-8223-1e07526aff9b] with properties... {c3p0.maxIdleTime=5, c3p0.initialPoolSize=100, user=******, c3p0.numHelperThreads=110, c3p0.acquireIncrement=3, c3p0.checkoutTimeout=0, c3p0.debugUnreturnedConnectionStackTraces=true, c3p0.testConnectionOnCheckout=true, c3p0.testConnectionOnCheckin=true, c3p0.acquireRetryDelay=1000, password=******, c3p0.maxPoolSize=1000, c3p0.jdbcUrl=jdbc:mysql://localhost:3306/toxotisdb?useUnicode=true&characterEncoding=UTF8&characterSetResults=UTF-8, c3p0.minPoolSize=50, c3p0.acquireRetryAttempts=50}
16:20:13,123  WARN AddUser:72 - SQL statement execution failed while trying to add user in the database
com.mysql.jdbc.exceptions.jdbc4.MySQLIntegrityConstraintViolationException: Duplicate entry 'Sopasakis@opensso.in-silico.ch' for key 'PRIMARY'
	at sun.reflect.NativeConstructorAccessorImpl.newInstance0(Native Method)
	at sun.reflect.NativeConstructorAccessorImpl.newInstance(NativeConstructorAccessorImpl.java:39)
	at sun.reflect.DelegatingConstructorAccessorImpl.newInstance(DelegatingConstructorAccessorImpl.java:27)
	at java.lang.reflect.Constructor.newInstance(Constructor.java:513)
	at com.mysql.jdbc.Util.handleNewInstance(Util.java:407)
	at com.mysql.jdbc.Util.getInstance(Util.java:382)
	at com.mysql.jdbc.SQLError.createSQLException(SQLError.java:1039)
	at com.mysql.jdbc.MysqlIO.checkErrorPacket(MysqlIO.java:3593)
	at com.mysql.jdbc.MysqlIO.checkErrorPacket(MysqlIO.java:3525)
	at com.mysql.jdbc.MysqlIO.sendCommand(MysqlIO.java:1986)
	at com.mysql.jdbc.MysqlIO.sqlQueryDirect(MysqlIO.java:2140)
	at com.mysql.jdbc.ConnectionImpl.execSQL(ConnectionImpl.java:2626)
	at com.mysql.jdbc.PreparedStatement.executeInternal(PreparedStatement.java:2111)
	at com.mysql.jdbc.PreparedStatement.executeUpdate(PreparedStatement.java:2407)
	at com.mysql.jdbc.PreparedStatement.executeUpdate(PreparedStatement.java:2325)
	at com.mysql.jdbc.PreparedStatement.executeUpdate(PreparedStatement.java:2310)
	at com.mchange.v2.c3p0.impl.NewProxyPreparedStatement.executeUpdate(NewProxyPreparedStatement.java:105)
	at org.opentox.toxotis.database.engine.user.AddUser.write(AddUser.java:68)
	at org.opentox.jaqpot3.resources.AlgorithmResource.post(AlgorithmResource.java:157)
	at org.restlet.resource.ServerResource.doHandle(ServerResource.java:465)
	at org.restlet.resource.ServerResource.doNegotiatedHandle(ServerResource.java:522)
	at org.restlet.resource.ServerResource.doConditionalHandle(ServerResource.java:258)
	at org.restlet.resource.ServerResource.handle(ServerResource.java:752)
	at org.restlet.resource.Finder.handle(Finder.java:515)
	at org.restlet.routing.Filter.doHandle(Filter.java:156)
	at org.restlet.routing.Filter.handle(Filter.java:203)
	at org.restlet.routing.Router.doHandle(Router.java:472)
	at org.restlet.routing.Router.handle(Router.java:688)
	at org.restlet.routing.Filter.doHandle(Filter.java:156)
	at org.restlet.routing.Filter.handle(Filter.java:203)
	at org.restlet.routing.Filter.doHandle(Filter.java:156)
	at org.restlet.routing.Filter.handle(Filter.java:203)
	at org.restlet.routing.Filter.doHandle(Filter.java:156)
	at org.restlet.engine.application.StatusFilter.doHandle(StatusFilter.java:152)
	at org.restlet.routing.Filter.handle(Filter.java:203)
	at org.restlet.routing.Filter.doHandle(Filter.java:156)
	at org.restlet.routing.Filter.handle(Filter.java:203)
	at org.restlet.engine.ChainHelper.handle(ChainHelper.java:111)
	at org.restlet.engine.application.ApplicationHelper.handle(ApplicationHelper.java:72)
	at org.restlet.Application.handle(Application.java:379)
	at org.restlet.ext.wadl.WadlApplication.handle(WadlApplication.java:769)
	at org.restlet.routing.Filter.doHandle(Filter.java:156)
	at org.restlet.routing.Filter.handle(Filter.java:203)
	at org.restlet.routing.Router.doHandle(Router.java:472)
	at org.restlet.routing.Router.handle(Router.java:688)
	at org.restlet.routing.Filter.doHandle(Filter.java:156)
	at org.restlet.routing.Filter.handle(Filter.java:203)
	at org.restlet.routing.Router.doHandle(Router.java:472)
	at org.restlet.routing.Router.handle(Router.java:688)
	at org.restlet.routing.Filter.doHandle(Filter.java:156)
	at org.restlet.engine.application.StatusFilter.doHandle(StatusFilter.java:152)
	at org.restlet.routing.Filter.handle(Filter.java:203)
	at org.restlet.routing.Filter.doHandle(Filter.java:156)
	at org.restlet.routing.Filter.handle(Filter.java:203)
	at org.restlet.engine.ChainHelper.handle(ChainHelper.java:111)
	at org.restlet.Component.handle(Component.java:385)
	at org.restlet.Server.handle(Server.java:474)
	at org.restlet.engine.ServerHelper.handle(ServerHelper.java:71)
	at org.restlet.engine.http.HttpServerHelper.handle(HttpServerHelper.java:150)
	at org.restlet.ext.grizzly.internal.HttpParserFilter.execute(HttpParserFilter.java:84)
	at com.sun.grizzly.DefaultProtocolChain.executeProtocolFilter(DefaultProtocolChain.java:135)
	at com.sun.grizzly.DefaultProtocolChain.execute(DefaultProtocolChain.java:102)
	at com.sun.grizzly.DefaultProtocolChain.execute(DefaultProtocolChain.java:88)
	at com.sun.grizzly.ProtocolChainContextTask.doCall(ProtocolChainContextTask.java:53)
	at com.sun.grizzly.SelectionKeyContextTask.call(SelectionKeyContextTask.java:57)
	at com.sun.grizzly.ContextTask.run(ContextTask.java:69)
	at com.sun.grizzly.util.FixedThreadPool$BasicWorker.dowork(FixedThreadPool.java:379)
	at com.sun.grizzly.util.FixedThreadPool$BasicWorker.run(FixedThreadPool.java:360)
	at java.lang.Thread.run(Thread.java:662)
16:20:14,872  WARN AddUser:72 - SQL statement execution failed while trying to add user in the database
com.mysql.jdbc.exceptions.jdbc4.MySQLIntegrityConstraintViolationException: Duplicate entry 'Sopasakis@opensso.in-silico.ch' for key 'PRIMARY'
	at sun.reflect.NativeConstructorAccessorImpl.newInstance0(Native Method)
	at sun.reflect.NativeConstructorAccessorImpl.newInstance(NativeConstructorAccessorImpl.java:39)
	at sun.reflect.DelegatingConstructorAccessorImpl.newInstance(DelegatingConstructorAccessorImpl.java:27)
	at java.lang.reflect.Constructor.newInstance(Constructor.java:513)
	at com.mysql.jdbc.Util.handleNewInstance(Util.java:407)
	at com.mysql.jdbc.Util.getInstance(Util.java:382)
	at com.mysql.jdbc.SQLError.createSQLException(SQLError.java:1039)
	at com.mysql.jdbc.MysqlIO.checkErrorPacket(MysqlIO.java:3593)
	at com.mysql.jdbc.MysqlIO.checkErrorPacket(MysqlIO.java:3525)
	at com.mysql.jdbc.MysqlIO.sendCommand(MysqlIO.java:1986)
	at com.mysql.jdbc.MysqlIO.sqlQueryDirect(MysqlIO.java:2140)
	at com.mysql.jdbc.ConnectionImpl.execSQL(ConnectionImpl.java:2626)
	at com.mysql.jdbc.PreparedStatement.executeInternal(PreparedStatement.java:2111)
	at com.mysql.jdbc.PreparedStatement.executeUpdate(PreparedStatement.java:2407)
	at com.mysql.jdbc.PreparedStatement.executeUpdate(PreparedStatement.java:2325)
	at com.mysql.jdbc.PreparedStatement.executeUpdate(PreparedStatement.java:2310)
	at com.mchange.v2.c3p0.impl.NewProxyPreparedStatement.executeUpdate(NewProxyPreparedStatement.java:105)
	at org.opentox.toxotis.database.engine.user.AddUser.write(AddUser.java:68)
	at org.opentox.jaqpot3.resources.AlgorithmResource.post(AlgorithmResource.java:157)
	at org.restlet.resource.ServerResource.doHandle(ServerResource.java:465)
	at org.restlet.resource.ServerResource.doNegotiatedHandle(ServerResource.java:522)
	at org.restlet.resource.ServerResource.doConditionalHandle(ServerResource.java:258)
	at org.restlet.resource.ServerResource.handle(ServerResource.java:752)
	at org.restlet.resource.Finder.handle(Finder.java:515)
	at org.restlet.routing.Filter.doHandle(Filter.java:156)
	at org.restlet.routing.Filter.handle(Filter.java:203)
	at org.restlet.routing.Router.doHandle(Router.java:472)
	at org.restlet.routing.Router.handle(Router.java:688)
	at org.restlet.routing.Filter.doHandle(Filter.java:156)
	at org.restlet.routing.Filter.handle(Filter.java:203)
	at org.restlet.routing.Filter.doHandle(Filter.java:156)
	at org.restlet.routing.Filter.handle(Filter.java:203)
	at org.restlet.routing.Filter.doHandle(Filter.java:156)
	at org.restlet.engine.application.StatusFilter.doHandle(StatusFilter.java:152)
	at org.restlet.routing.Filter.handle(Filter.java:203)
	at org.restlet.routing.Filter.doHandle(Filter.java:156)
	at org.restlet.routing.Filter.handle(Filter.java:203)
	at org.restlet.engine.ChainHelper.handle(ChainHelper.java:111)
	at org.restlet.engine.application.ApplicationHelper.handle(ApplicationHelper.java:72)
	at org.restlet.Application.handle(Application.java:379)
	at org.restlet.ext.wadl.WadlApplication.handle(WadlApplication.java:769)
	at org.restlet.routing.Filter.doHandle(Filter.java:156)
	at org.restlet.routing.Filter.handle(Filter.java:203)
	at org.restlet.routing.Router.doHandle(Router.java:472)
	at org.restlet.routing.Router.handle(Router.java:688)
	at org.restlet.routing.Filter.doHandle(Filter.java:156)
	at org.restlet.routing.Filter.handle(Filter.java:203)
	at org.restlet.routing.Router.doHandle(Router.java:472)
	at org.restlet.routing.Router.handle(Router.java:688)
	at org.restlet.routing.Filter.doHandle(Filter.java:156)
	at org.restlet.engine.application.StatusFilter.doHandle(StatusFilter.java:152)
	at org.restlet.routing.Filter.handle(Filter.java:203)
	at org.restlet.routing.Filter.doHandle(Filter.java:156)
	at org.restlet.routing.Filter.handle(Filter.java:203)
	at org.restlet.engine.ChainHelper.handle(ChainHelper.java:111)
	at org.restlet.Component.handle(Component.java:385)
	at org.restlet.Server.handle(Server.java:474)
	at org.restlet.engine.ServerHelper.handle(ServerHelper.java:71)
	at org.restlet.engine.http.HttpServerHelper.handle(HttpServerHelper.java:150)
	at org.restlet.ext.grizzly.internal.HttpParserFilter.execute(HttpParserFilter.java:84)
	at com.sun.grizzly.DefaultProtocolChain.executeProtocolFilter(DefaultProtocolChain.java:135)
	at com.sun.grizzly.DefaultProtocolChain.execute(DefaultProtocolChain.java:102)
	at com.sun.grizzly.DefaultProtocolChain.execute(DefaultProtocolChain.java:88)
	at com.sun.grizzly.ProtocolChainContextTask.doCall(ProtocolChainContextTask.java:53)
	at com.sun.grizzly.SelectionKeyContextTask.call(SelectionKeyContextTask.java:57)
	at com.sun.grizzly.ContextTask.run(ContextTask.java:69)
	at com.sun.grizzly.util.FixedThreadPool$BasicWorker.dowork(FixedThreadPool.java:379)
	at com.sun.grizzly.util.FixedThreadPool$BasicWorker.run(FixedThreadPool.java:360)
	at java.lang.Thread.run(Thread.java:662)
16:20:35,896  WARN AddUser:72 - SQL statement execution failed while trying to add user in the database
com.mysql.jdbc.exceptions.jdbc4.MySQLIntegrityConstraintViolationException: Duplicate entry 'Sopasakis@opensso.in-silico.ch' for key 'PRIMARY'
	at sun.reflect.NativeConstructorAccessorImpl.newInstance0(Native Method)
	at sun.reflect.NativeConstructorAccessorImpl.newInstance(NativeConstructorAccessorImpl.java:39)
	at sun.reflect.DelegatingConstructorAccessorImpl.newInstance(DelegatingConstructorAccessorImpl.java:27)
	at java.lang.reflect.Constructor.newInstance(Constructor.java:513)
	at com.mysql.jdbc.Util.handleNewInstance(Util.java:407)
	at com.mysql.jdbc.Util.getInstance(Util.java:382)
	at com.mysql.jdbc.SQLError.createSQLException(SQLError.java:1039)
	at com.mysql.jdbc.MysqlIO.checkErrorPacket(MysqlIO.java:3593)
	at com.mysql.jdbc.MysqlIO.checkErrorPacket(MysqlIO.java:3525)
	at com.mysql.jdbc.MysqlIO.sendCommand(MysqlIO.java:1986)
	at com.mysql.jdbc.MysqlIO.sqlQueryDirect(MysqlIO.java:2140)
	at com.mysql.jdbc.ConnectionImpl.execSQL(ConnectionImpl.java:2626)
	at com.mysql.jdbc.PreparedStatement.executeInternal(PreparedStatement.java:2111)
	at com.mysql.jdbc.PreparedStatement.executeUpdate(PreparedStatement.java:2407)
	at com.mysql.jdbc.PreparedStatement.executeUpdate(PreparedStatement.java:2325)
	at com.mysql.jdbc.PreparedStatement.executeUpdate(PreparedStatement.java:2310)
	at com.mchange.v2.c3p0.impl.NewProxyPreparedStatement.executeUpdate(NewProxyPreparedStatement.java:105)
	at org.opentox.toxotis.database.engine.user.AddUser.write(AddUser.java:68)
	at org.opentox.jaqpot3.resources.AlgorithmResource.post(AlgorithmResource.java:157)
	at org.restlet.resource.ServerResource.doHandle(ServerResource.java:465)
	at org.restlet.resource.ServerResource.doNegotiatedHandle(ServerResource.java:522)
	at org.restlet.resource.ServerResource.doConditionalHandle(ServerResource.java:258)
	at org.restlet.resource.ServerResource.handle(ServerResource.java:752)
	at org.restlet.resource.Finder.handle(Finder.java:515)
	at org.restlet.routing.Filter.doHandle(Filter.java:156)
	at org.restlet.routing.Filter.handle(Filter.java:203)
	at org.restlet.routing.Router.doHandle(Router.java:472)
	at org.restlet.routing.Router.handle(Router.java:688)
	at org.restlet.routing.Filter.doHandle(Filter.java:156)
	at org.restlet.routing.Filter.handle(Filter.java:203)
	at org.restlet.routing.Filter.doHandle(Filter.java:156)
	at org.restlet.routing.Filter.handle(Filter.java:203)
	at org.restlet.routing.Filter.doHandle(Filter.java:156)
	at org.restlet.engine.application.StatusFilter.doHandle(StatusFilter.java:152)
	at org.restlet.routing.Filter.handle(Filter.java:203)
	at org.restlet.routing.Filter.doHandle(Filter.java:156)
	at org.restlet.routing.Filter.handle(Filter.java:203)
	at org.restlet.engine.ChainHelper.handle(ChainHelper.java:111)
	at org.restlet.engine.application.ApplicationHelper.handle(ApplicationHelper.java:72)
	at org.restlet.Application.handle(Application.java:379)
	at org.restlet.ext.wadl.WadlApplication.handle(WadlApplication.java:769)
	at org.restlet.routing.Filter.doHandle(Filter.java:156)
	at org.restlet.routing.Filter.handle(Filter.java:203)
	at org.restlet.routing.Router.doHandle(Router.java:472)
	at org.restlet.routing.Router.handle(Router.java:688)
	at org.restlet.routing.Filter.doHandle(Filter.java:156)
	at org.restlet.routing.Filter.handle(Filter.java:203)
	at org.restlet.routing.Router.doHandle(Router.java:472)
	at org.restlet.routing.Router.handle(Router.java:688)
	at org.restlet.routing.Filter.doHandle(Filter.java:156)
	at org.restlet.engine.application.StatusFilter.doHandle(StatusFilter.java:152)
	at org.restlet.routing.Filter.handle(Filter.java:203)
	at org.restlet.routing.Filter.doHandle(Filter.java:156)
	at org.restlet.routing.Filter.handle(Filter.java:203)
	at org.restlet.engine.ChainHelper.handle(ChainHelper.java:111)
	at org.restlet.Component.handle(Component.java:385)
	at org.restlet.Server.handle(Server.java:474)
	at org.restlet.engine.ServerHelper.handle(ServerHelper.java:71)
	at org.restlet.engine.http.HttpServerHelper.handle(HttpServerHelper.java:150)
	at org.restlet.ext.grizzly.internal.HttpParserFilter.execute(HttpParserFilter.java:84)
	at com.sun.grizzly.DefaultProtocolChain.executeProtocolFilter(DefaultProtocolChain.java:135)
	at com.sun.grizzly.DefaultProtocolChain.execute(DefaultProtocolChain.java:102)
	at com.sun.grizzly.DefaultProtocolChain.execute(DefaultProtocolChain.java:88)
	at com.sun.grizzly.ProtocolChainContextTask.doCall(ProtocolChainContextTask.java:53)
	at com.sun.grizzly.SelectionKeyContextTask.call(SelectionKeyContextTask.java:57)
	at com.sun.grizzly.ContextTask.run(ContextTask.java:69)
	at com.sun.grizzly.util.FixedThreadPool$BasicWorker.dowork(FixedThreadPool.java:379)
	at com.sun.grizzly.util.FixedThreadPool$BasicWorker.run(FixedThreadPool.java:360)
	at java.lang.Thread.run(Thread.java:662)
16:21:12,721  WARN AddUser:72 - SQL statement execution failed while trying to add user in the database
com.mysql.jdbc.exceptions.jdbc4.MySQLIntegrityConstraintViolationException: Duplicate entry 'Sopasakis@opensso.in-silico.ch' for key 'PRIMARY'
	at sun.reflect.NativeConstructorAccessorImpl.newInstance0(Native Method)
	at sun.reflect.NativeConstructorAccessorImpl.newInstance(NativeConstructorAccessorImpl.java:39)
	at sun.reflect.DelegatingConstructorAccessorImpl.newInstance(DelegatingConstructorAccessorImpl.java:27)
	at java.lang.reflect.Constructor.newInstance(Constructor.java:513)
	at com.mysql.jdbc.Util.handleNewInstance(Util.java:407)
	at com.mysql.jdbc.Util.getInstance(Util.java:382)
	at com.mysql.jdbc.SQLError.createSQLException(SQLError.java:1039)
	at com.mysql.jdbc.MysqlIO.checkErrorPacket(MysqlIO.java:3593)
	at com.mysql.jdbc.MysqlIO.checkErrorPacket(MysqlIO.java:3525)
	at com.mysql.jdbc.MysqlIO.sendCommand(MysqlIO.java:1986)
	at com.mysql.jdbc.MysqlIO.sqlQueryDirect(MysqlIO.java:2140)
	at com.mysql.jdbc.ConnectionImpl.execSQL(ConnectionImpl.java:2626)
	at com.mysql.jdbc.PreparedStatement.executeInternal(PreparedStatement.java:2111)
	at com.mysql.jdbc.PreparedStatement.executeUpdate(PreparedStatement.java:2407)
	at com.mysql.jdbc.PreparedStatement.executeUpdate(PreparedStatement.java:2325)
	at com.mysql.jdbc.PreparedStatement.executeUpdate(PreparedStatement.java:2310)
	at com.mchange.v2.c3p0.impl.NewProxyPreparedStatement.executeUpdate(NewProxyPreparedStatement.java:105)
	at org.opentox.toxotis.database.engine.user.AddUser.write(AddUser.java:68)
	at org.opentox.jaqpot3.resources.AlgorithmResource.post(AlgorithmResource.java:157)
	at org.restlet.resource.ServerResource.doHandle(ServerResource.java:465)
	at org.restlet.resource.ServerResource.doNegotiatedHandle(ServerResource.java:522)
	at org.restlet.resource.ServerResource.doConditionalHandle(ServerResource.java:258)
	at org.restlet.resource.ServerResource.handle(ServerResource.java:752)
	at org.restlet.resource.Finder.handle(Finder.java:515)
	at org.restlet.routing.Filter.doHandle(Filter.java:156)
	at org.restlet.routing.Filter.handle(Filter.java:203)
	at org.restlet.routing.Router.doHandle(Router.java:472)
	at org.restlet.routing.Router.handle(Router.java:688)
	at org.restlet.routing.Filter.doHandle(Filter.java:156)
	at org.restlet.routing.Filter.handle(Filter.java:203)
	at org.restlet.routing.Filter.doHandle(Filter.java:156)
	at org.restlet.routing.Filter.handle(Filter.java:203)
	at org.restlet.routing.Filter.doHandle(Filter.java:156)
	at org.restlet.engine.application.StatusFilter.doHandle(StatusFilter.java:152)
	at org.restlet.routing.Filter.handle(Filter.java:203)
	at org.restlet.routing.Filter.doHandle(Filter.java:156)
	at org.restlet.routing.Filter.handle(Filter.java:203)
	at org.restlet.engine.ChainHelper.handle(ChainHelper.java:111)
	at org.restlet.engine.application.ApplicationHelper.handle(ApplicationHelper.java:72)
	at org.restlet.Application.handle(Application.java:379)
	at org.restlet.ext.wadl.WadlApplication.handle(WadlApplication.java:769)
	at org.restlet.routing.Filter.doHandle(Filter.java:156)
	at org.restlet.routing.Filter.handle(Filter.java:203)
	at org.restlet.routing.Router.doHandle(Router.java:472)
	at org.restlet.routing.Router.handle(Router.java:688)
	at org.restlet.routing.Filter.doHandle(Filter.java:156)
	at org.restlet.routing.Filter.handle(Filter.java:203)
	at org.restlet.routing.Router.doHandle(Router.java:472)
	at org.restlet.routing.Router.handle(Router.java:688)
	at org.restlet.routing.Filter.doHandle(Filter.java:156)
	at org.restlet.engine.application.StatusFilter.doHandle(StatusFilter.java:152)
	at org.restlet.routing.Filter.handle(Filter.java:203)
	at org.restlet.routing.Filter.doHandle(Filter.java:156)
	at org.restlet.routing.Filter.handle(Filter.java:203)
	at org.restlet.engine.ChainHelper.handle(ChainHelper.java:111)
	at org.restlet.Component.handle(Component.java:385)
	at org.restlet.Server.handle(Server.java:474)
	at org.restlet.engine.ServerHelper.handle(ServerHelper.java:71)
	at org.restlet.engine.http.HttpServerHelper.handle(HttpServerHelper.java:150)
	at org.restlet.ext.grizzly.internal.HttpParserFilter.execute(HttpParserFilter.java:84)
	at com.sun.grizzly.DefaultProtocolChain.executeProtocolFilter(DefaultProtocolChain.java:135)
	at com.sun.grizzly.DefaultProtocolChain.execute(DefaultProtocolChain.java:102)
	at com.sun.grizzly.DefaultProtocolChain.execute(DefaultProtocolChain.java:88)
	at com.sun.grizzly.ProtocolChainContextTask.doCall(ProtocolChainContextTask.java:53)
	at com.sun.grizzly.SelectionKeyContextTask.call(SelectionKeyContextTask.java:57)
	at com.sun.grizzly.ContextTask.run(ContextTask.java:69)
	at com.sun.grizzly.util.FixedThreadPool$BasicWorker.dowork(FixedThreadPool.java:379)
	at com.sun.grizzly.util.FixedThreadPool$BasicWorker.run(FixedThreadPool.java:360)
	at java.lang.Thread.run(Thread.java:662)
16:25:20,188  INFO DataSourceC3P0:61 - Acquired datasource [146a8efb-c9c3-4bdb-b6ca-f3dfe1e27d1d] with properties... {c3p0.maxIdleTime=5, c3p0.initialPoolSize=100, user=******, c3p0.numHelperThreads=110, c3p0.acquireIncrement=3, c3p0.checkoutTimeout=0, c3p0.debugUnreturnedConnectionStackTraces=true, c3p0.testConnectionOnCheckout=true, c3p0.testConnectionOnCheckin=true, c3p0.acquireRetryDelay=1000, password=******, c3p0.maxPoolSize=1000, c3p0.jdbcUrl=jdbc:mysql://localhost:3306/toxotisdb?useUnicode=true&characterEncoding=UTF8&characterSetResults=UTF-8, c3p0.minPoolSize=50, c3p0.acquireRetryAttempts=50}
16:25:25,599  WARN AddUser:72 - SQL statement execution failed while trying to add user in the database
com.mysql.jdbc.exceptions.jdbc4.MySQLIntegrityConstraintViolationException: Duplicate entry 'Sopasakis@opensso.in-silico.ch' for key 'PRIMARY'
	at sun.reflect.NativeConstructorAccessorImpl.newInstance0(Native Method)
	at sun.reflect.NativeConstructorAccessorImpl.newInstance(NativeConstructorAccessorImpl.java:39)
	at sun.reflect.DelegatingConstructorAccessorImpl.newInstance(DelegatingConstructorAccessorImpl.java:27)
	at java.lang.reflect.Constructor.newInstance(Constructor.java:513)
	at com.mysql.jdbc.Util.handleNewInstance(Util.java:407)
	at com.mysql.jdbc.Util.getInstance(Util.java:382)
	at com.mysql.jdbc.SQLError.createSQLException(SQLError.java:1039)
	at com.mysql.jdbc.MysqlIO.checkErrorPacket(MysqlIO.java:3593)
	at com.mysql.jdbc.MysqlIO.checkErrorPacket(MysqlIO.java:3525)
	at com.mysql.jdbc.MysqlIO.sendCommand(MysqlIO.java:1986)
	at com.mysql.jdbc.MysqlIO.sqlQueryDirect(MysqlIO.java:2140)
	at com.mysql.jdbc.ConnectionImpl.execSQL(ConnectionImpl.java:2626)
	at com.mysql.jdbc.PreparedStatement.executeInternal(PreparedStatement.java:2111)
	at com.mysql.jdbc.PreparedStatement.executeUpdate(PreparedStatement.java:2407)
	at com.mysql.jdbc.PreparedStatement.executeUpdate(PreparedStatement.java:2325)
	at com.mysql.jdbc.PreparedStatement.executeUpdate(PreparedStatement.java:2310)
	at com.mchange.v2.c3p0.impl.NewProxyPreparedStatement.executeUpdate(NewProxyPreparedStatement.java:105)
	at org.opentox.toxotis.database.engine.user.AddUser.write(AddUser.java:68)
	at org.opentox.jaqpot3.resources.AlgorithmResource.post(AlgorithmResource.java:157)
	at org.restlet.resource.ServerResource.doHandle(ServerResource.java:465)
	at org.restlet.resource.ServerResource.doNegotiatedHandle(ServerResource.java:522)
	at org.restlet.resource.ServerResource.doConditionalHandle(ServerResource.java:258)
	at org.restlet.resource.ServerResource.handle(ServerResource.java:752)
	at org.restlet.resource.Finder.handle(Finder.java:515)
	at org.restlet.routing.Filter.doHandle(Filter.java:156)
	at org.restlet.routing.Filter.handle(Filter.java:203)
	at org.restlet.routing.Router.doHandle(Router.java:472)
	at org.restlet.routing.Router.handle(Router.java:688)
	at org.restlet.routing.Filter.doHandle(Filter.java:156)
	at org.restlet.routing.Filter.handle(Filter.java:203)
	at org.restlet.routing.Filter.doHandle(Filter.java:156)
	at org.restlet.routing.Filter.handle(Filter.java:203)
	at org.restlet.routing.Filter.doHandle(Filter.java:156)
	at org.restlet.engine.application.StatusFilter.doHandle(StatusFilter.java:152)
	at org.restlet.routing.Filter.handle(Filter.java:203)
	at org.restlet.routing.Filter.doHandle(Filter.java:156)
	at org.restlet.routing.Filter.handle(Filter.java:203)
	at org.restlet.engine.ChainHelper.handle(ChainHelper.java:111)
	at org.restlet.engine.application.ApplicationHelper.handle(ApplicationHelper.java:72)
	at org.restlet.Application.handle(Application.java:379)
	at org.restlet.ext.wadl.WadlApplication.handle(WadlApplication.java:769)
	at org.restlet.routing.Filter.doHandle(Filter.java:156)
	at org.restlet.routing.Filter.handle(Filter.java:203)
	at org.restlet.routing.Router.doHandle(Router.java:472)
	at org.restlet.routing.Router.handle(Router.java:688)
	at org.restlet.routing.Filter.doHandle(Filter.java:156)
	at org.restlet.routing.Filter.handle(Filter.java:203)
	at org.restlet.routing.Router.doHandle(Router.java:472)
	at org.restlet.routing.Router.handle(Router.java:688)
	at org.restlet.routing.Filter.doHandle(Filter.java:156)
	at org.restlet.engine.application.StatusFilter.doHandle(StatusFilter.java:152)
	at org.restlet.routing.Filter.handle(Filter.java:203)
	at org.restlet.routing.Filter.doHandle(Filter.java:156)
	at org.restlet.routing.Filter.handle(Filter.java:203)
	at org.restlet.engine.ChainHelper.handle(ChainHelper.java:111)
	at org.restlet.Component.handle(Component.java:385)
	at org.restlet.Server.handle(Server.java:474)
	at org.restlet.engine.ServerHelper.handle(ServerHelper.java:71)
	at org.restlet.engine.http.HttpServerHelper.handle(HttpServerHelper.java:150)
	at org.restlet.ext.grizzly.internal.HttpParserFilter.execute(HttpParserFilter.java:84)
	at com.sun.grizzly.DefaultProtocolChain.executeProtocolFilter(DefaultProtocolChain.java:135)
	at com.sun.grizzly.DefaultProtocolChain.execute(DefaultProtocolChain.java:102)
	at com.sun.grizzly.DefaultProtocolChain.execute(DefaultProtocolChain.java:88)
	at com.sun.grizzly.ProtocolChainContextTask.doCall(ProtocolChainContextTask.java:53)
	at com.sun.grizzly.SelectionKeyContextTask.call(SelectionKeyContextTask.java:57)
	at com.sun.grizzly.ContextTask.run(ContextTask.java:69)
	at com.sun.grizzly.util.FixedThreadPool$BasicWorker.dowork(FixedThreadPool.java:379)
	at com.sun.grizzly.util.FixedThreadPool$BasicWorker.run(FixedThreadPool.java:360)
	at java.lang.Thread.run(Thread.java:662)
16:26:13,147  INFO DataSourceC3P0:61 - Acquired datasource [6130fcb7-8639-4ec1-a20f-76e4bbb6d0c2] with properties... {c3p0.maxIdleTime=5, c3p0.initialPoolSize=100, user=******, c3p0.numHelperThreads=110, c3p0.acquireIncrement=3, c3p0.checkoutTimeout=0, c3p0.debugUnreturnedConnectionStackTraces=true, c3p0.testConnectionOnCheckout=true, c3p0.testConnectionOnCheckin=true, c3p0.acquireRetryDelay=1000, password=******, c3p0.maxPoolSize=1000, c3p0.jdbcUrl=jdbc:mysql://localhost:3306/toxotisdb?useUnicode=true&characterEncoding=UTF8&characterSetResults=UTF-8, c3p0.minPoolSize=50, c3p0.acquireRetryAttempts=50}
16:27:43,085  INFO DataSourceC3P0:61 - Acquired datasource [68bc6a3d-f474-4e71-a7ac-0cf2b9b0c0dc] with properties... {c3p0.maxIdleTime=5, c3p0.initialPoolSize=100, user=******, c3p0.numHelperThreads=110, c3p0.acquireIncrement=3, c3p0.checkoutTimeout=0, c3p0.debugUnreturnedConnectionStackTraces=true, c3p0.testConnectionOnCheckout=true, c3p0.testConnectionOnCheckin=true, c3p0.acquireRetryDelay=1000, password=******, c3p0.maxPoolSize=1000, c3p0.jdbcUrl=jdbc:mysql://localhost:3306/toxotisdb?useUnicode=true&characterEncoding=UTF8&characterSetResults=UTF-8, c3p0.minPoolSize=50, c3p0.acquireRetryAttempts=50}
16:28:04,876  INFO DataSourceC3P0:61 - Acquired datasource [437bd04a-2e3c-43b0-ab2c-2fd05c94860f] with properties... {c3p0.maxIdleTime=5, c3p0.initialPoolSize=100, user=******, c3p0.numHelperThreads=110, c3p0.acquireIncrement=3, c3p0.checkoutTimeout=0, c3p0.debugUnreturnedConnectionStackTraces=true, c3p0.testConnectionOnCheckout=true, c3p0.testConnectionOnCheckin=true, c3p0.acquireRetryDelay=1000, password=******, c3p0.maxPoolSize=1000, c3p0.jdbcUrl=jdbc:mysql://localhost:3306/toxotisdb?useUnicode=true&characterEncoding=UTF8&characterSetResults=UTF-8, c3p0.minPoolSize=50, c3p0.acquireRetryAttempts=50}
16:28:22,947  INFO DataSourceC3P0:61 - Acquired datasource [f8ca9ca2-c8cd-43fd-83a3-0c5e54beb540] with properties... {c3p0.maxIdleTime=5, c3p0.initialPoolSize=100, user=******, c3p0.numHelperThreads=110, c3p0.acquireIncrement=3, c3p0.checkoutTimeout=0, c3p0.debugUnreturnedConnectionStackTraces=true, c3p0.testConnectionOnCheckout=true, c3p0.testConnectionOnCheckin=true, c3p0.acquireRetryDelay=1000, password=******, c3p0.maxPoolSize=1000, c3p0.jdbcUrl=jdbc:mysql://localhost:3306/toxotisdb?useUnicode=true&characterEncoding=UTF8&characterSetResults=UTF-8, c3p0.minPoolSize=50, c3p0.acquireRetryAttempts=50}
16:28:45,702  INFO DataSourceC3P0:61 - Acquired datasource [a748cbc1-60a2-49e9-81f2-8a47a5d0dd72] with properties... {c3p0.maxIdleTime=5, c3p0.initialPoolSize=100, user=******, c3p0.numHelperThreads=110, c3p0.acquireIncrement=3, c3p0.checkoutTimeout=0, c3p0.debugUnreturnedConnectionStackTraces=true, c3p0.testConnectionOnCheckout=true, c3p0.testConnectionOnCheckin=true, c3p0.acquireRetryDelay=1000, password=******, c3p0.maxPoolSize=1000, c3p0.jdbcUrl=jdbc:mysql://localhost:3306/toxotisdb?useUnicode=true&characterEncoding=UTF8&characterSetResults=UTF-8, c3p0.minPoolSize=50, c3p0.acquireRetryAttempts=50}
16:30:38,247  INFO DataSourceC3P0:61 - Acquired datasource [c06ac18c-1693-42c8-b0fa-f9a4ccd27e7c] with properties... {c3p0.maxIdleTime=5, c3p0.initialPoolSize=100, user=******, c3p0.numHelperThreads=110, c3p0.acquireIncrement=3, c3p0.checkoutTimeout=0, c3p0.debugUnreturnedConnectionStackTraces=true, c3p0.testConnectionOnCheckout=true, c3p0.testConnectionOnCheckin=true, c3p0.acquireRetryDelay=1000, password=******, c3p0.maxPoolSize=1000, c3p0.jdbcUrl=jdbc:mysql://localhost:3306/toxotisdb?useUnicode=true&characterEncoding=UTF8&characterSetResults=UTF-8, c3p0.minPoolSize=50, c3p0.acquireRetryAttempts=50}
16:30:51,286  INFO DataSourceC3P0:61 - Acquired datasource [3f5bc513-d0a3-4af5-a512-5675fc2f7221] with properties... {c3p0.maxIdleTime=5, c3p0.initialPoolSize=100, user=******, c3p0.numHelperThreads=110, c3p0.acquireIncrement=3, c3p0.checkoutTimeout=0, c3p0.debugUnreturnedConnectionStackTraces=true, c3p0.testConnectionOnCheckout=true, c3p0.testConnectionOnCheckin=true, c3p0.acquireRetryDelay=1000, password=******, c3p0.maxPoolSize=1000, c3p0.jdbcUrl=jdbc:mysql://localhost:3306/toxotisdb?useUnicode=true&characterEncoding=UTF8&characterSetResults=UTF-8, c3p0.minPoolSize=50, c3p0.acquireRetryAttempts=50}
16:32:18,648  INFO DataSourceC3P0:61 - Acquired datasource [67c33165-b453-4b21-b6b4-781b8cb9eeaa] with properties... {c3p0.maxIdleTime=5, c3p0.initialPoolSize=100, user=******, c3p0.numHelperThreads=110, c3p0.acquireIncrement=3, c3p0.checkoutTimeout=0, c3p0.debugUnreturnedConnectionStackTraces=true, c3p0.testConnectionOnCheckout=true, c3p0.testConnectionOnCheckin=true, c3p0.acquireRetryDelay=1000, password=******, c3p0.maxPoolSize=1000, c3p0.jdbcUrl=jdbc:mysql://localhost:3306/toxotisdb?useUnicode=true&characterEncoding=UTF8&characterSetResults=UTF-8, c3p0.minPoolSize=50, c3p0.acquireRetryAttempts=50}
16:36:20,618  INFO DataSourceC3P0:61 - Acquired datasource [d745fbb3-9b1e-45c7-95fd-e6a0d32eade8] with properties... {c3p0.maxIdleTime=5, c3p0.initialPoolSize=100, user=******, c3p0.numHelperThreads=110, c3p0.acquireIncrement=3, c3p0.checkoutTimeout=0, c3p0.debugUnreturnedConnectionStackTraces=true, c3p0.testConnectionOnCheckout=true, c3p0.testConnectionOnCheckin=true, c3p0.acquireRetryDelay=1000, password=******, c3p0.maxPoolSize=1000, c3p0.jdbcUrl=jdbc:mysql://localhost:3306/toxotisdb?useUnicode=true&characterEncoding=UTF8&characterSetResults=UTF-8, c3p0.minPoolSize=50, c3p0.acquireRetryAttempts=50}
17:16:43,424  INFO DataSourceC3P0:61 - Acquired datasource [592f299a-9ca8-4209-871e-b585f785db14] with properties... {c3p0.maxIdleTime=5, c3p0.initialPoolSize=100, user=******, c3p0.numHelperThreads=110, c3p0.acquireIncrement=3, c3p0.checkoutTimeout=0, c3p0.debugUnreturnedConnectionStackTraces=true, c3p0.testConnectionOnCheckout=true, c3p0.testConnectionOnCheckin=true, c3p0.acquireRetryDelay=1000, password=******, c3p0.maxPoolSize=1000, c3p0.jdbcUrl=jdbc:mysql://localhost:3306/toxotisdb?useUnicode=true&characterEncoding=UTF8&characterSetResults=UTF-8, c3p0.minPoolSize=50, c3p0.acquireRetryAttempts=50}
17:23:40,234  INFO DataSourceC3P0:61 - Acquired datasource [5f9b6336-b04f-4006-88ca-41e91633cd62] with properties... {c3p0.maxIdleTime=5, c3p0.initialPoolSize=100, user=******, c3p0.numHelperThreads=110, c3p0.acquireIncrement=3, c3p0.checkoutTimeout=0, c3p0.debugUnreturnedConnectionStackTraces=true, c3p0.testConnectionOnCheckout=true, c3p0.testConnectionOnCheckin=true, c3p0.acquireRetryDelay=1000, password=******, c3p0.maxPoolSize=1000, c3p0.jdbcUrl=jdbc:mysql://localhost:3306/toxotisdb?useUnicode=true&characterEncoding=UTF8&characterSetResults=UTF-8, c3p0.minPoolSize=50, c3p0.acquireRetryAttempts=50}
17:25:10,671  INFO DataSourceC3P0:61 - Acquired datasource [09a698fd-a948-45da-aaea-fc6abdfd1ba5] with properties... {c3p0.maxIdleTime=5, c3p0.initialPoolSize=100, user=******, c3p0.numHelperThreads=110, c3p0.acquireIncrement=3, c3p0.checkoutTimeout=0, c3p0.debugUnreturnedConnectionStackTraces=true, c3p0.testConnectionOnCheckout=true, c3p0.testConnectionOnCheckin=true, c3p0.acquireRetryDelay=1000, password=******, c3p0.maxPoolSize=1000, c3p0.jdbcUrl=jdbc:mysql://localhost:3306/toxotisdb?useUnicode=true&characterEncoding=UTF8&characterSetResults=UTF-8, c3p0.minPoolSize=50, c3p0.acquireRetryAttempts=50}
17:26:08,490  INFO DataSourceC3P0:61 - Acquired datasource [134c6795-e552-4393-891f-c410578a779a] with properties... {c3p0.maxIdleTime=5, c3p0.initialPoolSize=100, user=******, c3p0.numHelperThreads=110, c3p0.acquireIncrement=3, c3p0.checkoutTimeout=0, c3p0.debugUnreturnedConnectionStackTraces=true, c3p0.testConnectionOnCheckout=true, c3p0.testConnectionOnCheckin=true, c3p0.acquireRetryDelay=1000, password=******, c3p0.maxPoolSize=1000, c3p0.jdbcUrl=jdbc:mysql://localhost:3306/toxotisdb?useUnicode=true&characterEncoding=UTF8&characterSetResults=UTF-8, c3p0.minPoolSize=50, c3p0.acquireRetryAttempts=50}
17:28:06,212  INFO DataSourceC3P0:61 - Acquired datasource [a727e6d4-cf65-45f9-b644-e18317281ff9] with properties... {c3p0.maxIdleTime=5, c3p0.initialPoolSize=100, user=******, c3p0.numHelperThreads=110, c3p0.acquireIncrement=3, c3p0.checkoutTimeout=0, c3p0.debugUnreturnedConnectionStackTraces=true, c3p0.testConnectionOnCheckout=true, c3p0.testConnectionOnCheckin=true, c3p0.acquireRetryDelay=1000, password=******, c3p0.maxPoolSize=1000, c3p0.jdbcUrl=jdbc:mysql://localhost:3306/toxotisdb?useUnicode=true&characterEncoding=UTF8&characterSetResults=UTF-8, c3p0.minPoolSize=50, c3p0.acquireRetryAttempts=50}
17:30:01,459  INFO DataSourceC3P0:61 - Acquired datasource [0beaddc1-8b9c-4fb8-9729-c2e6fb0b8254] with properties... {c3p0.maxIdleTime=5, c3p0.initialPoolSize=100, user=******, c3p0.numHelperThreads=110, c3p0.acquireIncrement=3, c3p0.checkoutTimeout=0, c3p0.debugUnreturnedConnectionStackTraces=true, c3p0.testConnectionOnCheckout=true, c3p0.testConnectionOnCheckin=true, c3p0.acquireRetryDelay=1000, password=******, c3p0.maxPoolSize=1000, c3p0.jdbcUrl=jdbc:mysql://localhost:3306/toxotisdb?useUnicode=true&characterEncoding=UTF8&characterSetResults=UTF-8, c3p0.minPoolSize=50, c3p0.acquireRetryAttempts=50}
17:30:46,445  INFO DataSourceC3P0:61 - Acquired datasource [47057822-352d-47ac-822c-483d4855eb94] with properties... {c3p0.maxIdleTime=5, c3p0.initialPoolSize=100, user=******, c3p0.numHelperThreads=110, c3p0.acquireIncrement=3, c3p0.checkoutTimeout=0, c3p0.debugUnreturnedConnectionStackTraces=true, c3p0.testConnectionOnCheckout=true, c3p0.testConnectionOnCheckin=true, c3p0.acquireRetryDelay=1000, password=******, c3p0.maxPoolSize=1000, c3p0.jdbcUrl=jdbc:mysql://localhost:3306/toxotisdb?useUnicode=true&characterEncoding=UTF8&characterSetResults=UTF-8, c3p0.minPoolSize=50, c3p0.acquireRetryAttempts=50}
17:35:49,512  INFO DataSourceC3P0:61 - Acquired datasource [256cdd31-007b-47da-9b35-3b608b150f98] with properties... {c3p0.maxIdleTime=5, c3p0.initialPoolSize=100, user=******, c3p0.numHelperThreads=110, c3p0.acquireIncrement=3, c3p0.checkoutTimeout=0, c3p0.debugUnreturnedConnectionStackTraces=true, c3p0.testConnectionOnCheckout=true, c3p0.testConnectionOnCheckin=true, c3p0.acquireRetryDelay=1000, password=******, c3p0.maxPoolSize=1000, c3p0.jdbcUrl=jdbc:mysql://localhost:3306/toxotisdb?useUnicode=true&characterEncoding=UTF8&characterSetResults=UTF-8, c3p0.minPoolSize=50, c3p0.acquireRetryAttempts=50}
17:38:24,529  INFO DataSourceC3P0:61 - Acquired datasource [8b15905e-15b1-4a11-ba1d-b2f08bd323a6] with properties... {c3p0.maxIdleTime=5, c3p0.initialPoolSize=100, user=******, c3p0.numHelperThreads=110, c3p0.acquireIncrement=3, c3p0.checkoutTimeout=0, c3p0.debugUnreturnedConnectionStackTraces=true, c3p0.testConnectionOnCheckout=true, c3p0.testConnectionOnCheckin=true, c3p0.acquireRetryDelay=1000, password=******, c3p0.maxPoolSize=1000, c3p0.jdbcUrl=jdbc:mysql://localhost:3306/toxotisdb?useUnicode=true&characterEncoding=UTF8&characterSetResults=UTF-8, c3p0.minPoolSize=50, c3p0.acquireRetryAttempts=50}
17:40:45,091  INFO DataSourceC3P0:61 - Acquired datasource [900e7b98-136c-4ae9-98bd-ecf10b43a323] with properties... {c3p0.maxIdleTime=5, c3p0.initialPoolSize=100, user=******, c3p0.numHelperThreads=110, c3p0.acquireIncrement=3, c3p0.checkoutTimeout=0, c3p0.debugUnreturnedConnectionStackTraces=true, c3p0.testConnectionOnCheckout=true, c3p0.testConnectionOnCheckin=true, c3p0.acquireRetryDelay=1000, password=******, c3p0.maxPoolSize=1000, c3p0.jdbcUrl=jdbc:mysql://localhost:3306/toxotisdb?useUnicode=true&characterEncoding=UTF8&characterSetResults=UTF-8, c3p0.minPoolSize=50, c3p0.acquireRetryAttempts=50}
17:44:55,061  INFO DataSourceC3P0:61 - Acquired datasource [dda81ec9-8e9f-42ae-b65b-42042e9f23bf] with properties... {c3p0.maxIdleTime=5, c3p0.initialPoolSize=100, user=******, c3p0.numHelperThreads=110, c3p0.acquireIncrement=3, c3p0.checkoutTimeout=0, c3p0.debugUnreturnedConnectionStackTraces=true, c3p0.testConnectionOnCheckout=true, c3p0.testConnectionOnCheckin=true, c3p0.acquireRetryDelay=1000, password=******, c3p0.maxPoolSize=1000, c3p0.jdbcUrl=jdbc:mysql://localhost:3306/toxotisdb?useUnicode=true&characterEncoding=UTF8&characterSetResults=UTF-8, c3p0.minPoolSize=50, c3p0.acquireRetryAttempts=50}
17:46:00,085  INFO DataSourceC3P0:61 - Acquired datasource [5845ddbd-f0a7-4488-8c2e-8d030dd60706] with properties... {c3p0.maxIdleTime=5, c3p0.initialPoolSize=100, user=******, c3p0.numHelperThreads=110, c3p0.acquireIncrement=3, c3p0.checkoutTimeout=0, c3p0.debugUnreturnedConnectionStackTraces=true, c3p0.testConnectionOnCheckout=true, c3p0.testConnectionOnCheckin=true, c3p0.acquireRetryDelay=1000, password=******, c3p0.maxPoolSize=1000, c3p0.jdbcUrl=jdbc:mysql://localhost:3306/toxotisdb?useUnicode=true&characterEncoding=UTF8&characterSetResults=UTF-8, c3p0.minPoolSize=50, c3p0.acquireRetryAttempts=50}
17:46:54,731  INFO DataSourceC3P0:61 - Acquired datasource [cd565cc4-3419-434c-a3ad-e50c309d0250] with properties... {c3p0.maxIdleTime=5, c3p0.initialPoolSize=100, user=******, c3p0.numHelperThreads=110, c3p0.acquireIncrement=3, c3p0.checkoutTimeout=0, c3p0.debugUnreturnedConnectionStackTraces=true, c3p0.testConnectionOnCheckout=true, c3p0.testConnectionOnCheckin=true, c3p0.acquireRetryDelay=1000, password=******, c3p0.maxPoolSize=1000, c3p0.jdbcUrl=jdbc:mysql://localhost:3306/toxotisdb?useUnicode=true&characterEncoding=UTF8&characterSetResults=UTF-8, c3p0.minPoolSize=50, c3p0.acquireRetryAttempts=50}
17:47:17,614  INFO DataSourceC3P0:61 - Acquired datasource [56ec5f6f-5dbf-4451-8fb3-626791667c63] with properties... {c3p0.maxIdleTime=5, c3p0.initialPoolSize=100, user=******, c3p0.numHelperThreads=110, c3p0.acquireIncrement=3, c3p0.checkoutTimeout=0, c3p0.debugUnreturnedConnectionStackTraces=true, c3p0.testConnectionOnCheckout=true, c3p0.testConnectionOnCheckin=true, c3p0.acquireRetryDelay=1000, password=******, c3p0.maxPoolSize=1000, c3p0.jdbcUrl=jdbc:mysql://localhost:3306/toxotisdb?useUnicode=true&characterEncoding=UTF8&characterSetResults=UTF-8, c3p0.minPoolSize=50, c3p0.acquireRetryAttempts=50}
17:47:53,334  INFO DataSourceC3P0:61 - Acquired datasource [f5f55b00-408a-4822-95fe-c73f16b348c4] with properties... {c3p0.maxIdleTime=5, c3p0.initialPoolSize=100, user=******, c3p0.numHelperThreads=110, c3p0.acquireIncrement=3, c3p0.checkoutTimeout=0, c3p0.debugUnreturnedConnectionStackTraces=true, c3p0.testConnectionOnCheckout=true, c3p0.testConnectionOnCheckin=true, c3p0.acquireRetryDelay=1000, password=******, c3p0.maxPoolSize=1000, c3p0.jdbcUrl=jdbc:mysql://localhost:3306/toxotisdb?useUnicode=true&characterEncoding=UTF8&characterSetResults=UTF-8, c3p0.minPoolSize=50, c3p0.acquireRetryAttempts=50}
17:48:32,527  INFO DataSourceC3P0:61 - Acquired datasource [cc435323-e6e1-491e-98f2-90b1c16cd998] with properties... {c3p0.maxIdleTime=5, c3p0.initialPoolSize=100, user=******, c3p0.numHelperThreads=110, c3p0.acquireIncrement=3, c3p0.checkoutTimeout=0, c3p0.debugUnreturnedConnectionStackTraces=true, c3p0.testConnectionOnCheckout=true, c3p0.testConnectionOnCheckin=true, c3p0.acquireRetryDelay=1000, password=******, c3p0.maxPoolSize=1000, c3p0.jdbcUrl=jdbc:mysql://localhost:3306/toxotisdb?useUnicode=true&characterEncoding=UTF8&characterSetResults=UTF-8, c3p0.minPoolSize=50, c3p0.acquireRetryAttempts=50}
17:56:09,217  INFO DataSourceC3P0:61 - Acquired datasource [ead207b9-8ede-4d7e-8964-66ccec830365] with properties... {c3p0.maxIdleTime=5, c3p0.initialPoolSize=100, user=******, c3p0.numHelperThreads=110, c3p0.acquireIncrement=3, c3p0.checkoutTimeout=0, c3p0.debugUnreturnedConnectionStackTraces=true, c3p0.testConnectionOnCheckout=true, c3p0.testConnectionOnCheckin=true, c3p0.acquireRetryDelay=1000, password=******, c3p0.maxPoolSize=1000, c3p0.jdbcUrl=jdbc:mysql://localhost:3306/toxotisdb?useUnicode=true&characterEncoding=UTF8&characterSetResults=UTF-8, c3p0.minPoolSize=50, c3p0.acquireRetryAttempts=50}
17:56:50,563  INFO DataSourceC3P0:61 - Acquired datasource [f779cd91-a495-475b-88ba-5d4ee0456ca4] with properties... {c3p0.maxIdleTime=5, c3p0.initialPoolSize=100, user=******, c3p0.numHelperThreads=110, c3p0.acquireIncrement=3, c3p0.checkoutTimeout=0, c3p0.debugUnreturnedConnectionStackTraces=true, c3p0.testConnectionOnCheckout=true, c3p0.testConnectionOnCheckin=true, c3p0.acquireRetryDelay=1000, password=******, c3p0.maxPoolSize=1000, c3p0.jdbcUrl=jdbc:mysql://localhost:3306/toxotisdb?useUnicode=true&characterEncoding=UTF8&characterSetResults=UTF-8, c3p0.minPoolSize=50, c3p0.acquireRetryAttempts=50}
17:57:51,092  INFO DataSourceC3P0:61 - Acquired datasource [59b65fe3-1d56-40f2-bdfa-8fed38b9af3c] with properties... {c3p0.maxIdleTime=5, c3p0.initialPoolSize=100, user=******, c3p0.numHelperThreads=110, c3p0.acquireIncrement=3, c3p0.checkoutTimeout=0, c3p0.debugUnreturnedConnectionStackTraces=true, c3p0.testConnectionOnCheckout=true, c3p0.testConnectionOnCheckin=true, c3p0.acquireRetryDelay=1000, password=******, c3p0.maxPoolSize=1000, c3p0.jdbcUrl=jdbc:mysql://localhost:3306/toxotisdb?useUnicode=true&characterEncoding=UTF8&characterSetResults=UTF-8, c3p0.minPoolSize=50, c3p0.acquireRetryAttempts=50}
19:41:51,967  INFO DataSourceC3P0:61 - Acquired datasource [0ab8b79d-7666-4e36-81e0-c0774adbc573] with properties... {c3p0.maxIdleTime=5, c3p0.initialPoolSize=100, user=******, c3p0.numHelperThreads=110, c3p0.acquireIncrement=3, c3p0.checkoutTimeout=0, c3p0.debugUnreturnedConnectionStackTraces=true, c3p0.testConnectionOnCheckout=true, c3p0.testConnectionOnCheckin=true, c3p0.acquireRetryDelay=1000, password=******, c3p0.maxPoolSize=1000, c3p0.jdbcUrl=jdbc:mysql://localhost:3306/toxotisdb?useUnicode=true&characterEncoding=UTF8&characterSetResults=UTF-8, c3p0.minPoolSize=50, c3p0.acquireRetryAttempts=50}
19:47:04,046  INFO DataSourceC3P0:61 - Acquired datasource [6973386f-6389-422e-8781-58f701f12fa4] with properties... {c3p0.maxIdleTime=5, c3p0.initialPoolSize=100, user=******, c3p0.numHelperThreads=110, c3p0.acquireIncrement=3, c3p0.checkoutTimeout=0, c3p0.debugUnreturnedConnectionStackTraces=true, c3p0.testConnectionOnCheckout=true, c3p0.testConnectionOnCheckin=true, c3p0.acquireRetryDelay=1000, password=******, c3p0.maxPoolSize=1000, c3p0.jdbcUrl=jdbc:mysql://localhost:3306/toxotisdb?useUnicode=true&characterEncoding=UTF8&characterSetResults=UTF-8, c3p0.minPoolSize=50, c3p0.acquireRetryAttempts=50}
19:49:02,542  INFO DataSourceC3P0:61 - Acquired datasource [48bcec3b-c18c-49de-af7d-f72a441645c9] with properties... {c3p0.maxIdleTime=5, c3p0.initialPoolSize=100, user=******, c3p0.numHelperThreads=110, c3p0.acquireIncrement=3, c3p0.checkoutTimeout=0, c3p0.debugUnreturnedConnectionStackTraces=true, c3p0.testConnectionOnCheckout=true, c3p0.testConnectionOnCheckin=true, c3p0.acquireRetryDelay=1000, password=******, c3p0.maxPoolSize=1000, c3p0.jdbcUrl=jdbc:mysql://localhost:3306/toxotisdb?useUnicode=true&characterEncoding=UTF8&characterSetResults=UTF-8, c3p0.minPoolSize=50, c3p0.acquireRetryAttempts=50}
