16:47:34,692  INFO DataSourceC3P0:61 - Acquired datasource [32e0cff1-c315-4740-87c9-7403a8fa5d7b] with properties... {c3p0.maxIdleTime=5, c3p0.initialPoolSize=100, user=******, c3p0.numHelperThreads=110, c3p0.acquireIncrement=3, c3p0.checkoutTimeout=0, c3p0.debugUnreturnedConnectionStackTraces=true, c3p0.testConnectionOnCheckout=true, c3p0.testConnectionOnCheckin=true, c3p0.acquireRetryDelay=1000, password=******, c3p0.maxPoolSize=1000, c3p0.jdbcUrl=jdbc:mysql://localhost:3306/toxotisdb?useUnicode=true&characterEncoding=UTF8&characterSetResults=UTF-8, c3p0.minPoolSize=50, c3p0.acquireRetryAttempts=50}
16:57:16,419  INFO DataSourceC3P0:61 - Acquired datasource [36394f1a-20a1-4ecc-9f07-3471e7f4547a] with properties... {c3p0.maxIdleTime=5, c3p0.initialPoolSize=100, user=******, c3p0.numHelperThreads=110, c3p0.acquireIncrement=3, c3p0.checkoutTimeout=0, c3p0.debugUnreturnedConnectionStackTraces=true, c3p0.testConnectionOnCheckout=true, c3p0.testConnectionOnCheckin=true, c3p0.acquireRetryDelay=1000, password=******, c3p0.maxPoolSize=1000, c3p0.jdbcUrl=jdbc:mysql://localhost:3306/toxotisdb?useUnicode=true&characterEncoding=UTF8&characterSetResults=UTF-8, c3p0.minPoolSize=50, c3p0.acquireRetryAttempts=50}
17:11:43,382  INFO DataSourceC3P0:61 - Acquired datasource [bbbe0090-9e29-4c94-97af-1c5ebe55f803] with properties... {c3p0.maxIdleTime=5, c3p0.initialPoolSize=100, user=******, c3p0.numHelperThreads=110, c3p0.acquireIncrement=3, c3p0.checkoutTimeout=0, c3p0.debugUnreturnedConnectionStackTraces=true, c3p0.testConnectionOnCheckout=true, c3p0.testConnectionOnCheckin=true, c3p0.acquireRetryDelay=1000, password=******, c3p0.maxPoolSize=1000, c3p0.jdbcUrl=jdbc:mysql://localhost:3306/toxotisdb?useUnicode=true&characterEncoding=UTF8&characterSetResults=UTF-8, c3p0.minPoolSize=50, c3p0.acquireRetryAttempts=50}
17:12:44,407  INFO DataSourceC3P0:61 - Acquired datasource [2baf1fc8-a1fd-452d-9a25-d7005813f992] with properties... {c3p0.maxIdleTime=5, c3p0.initialPoolSize=100, user=******, c3p0.numHelperThreads=110, c3p0.acquireIncrement=3, c3p0.checkoutTimeout=0, c3p0.debugUnreturnedConnectionStackTraces=true, c3p0.testConnectionOnCheckout=true, c3p0.testConnectionOnCheckin=true, c3p0.acquireRetryDelay=1000, password=******, c3p0.maxPoolSize=1000, c3p0.jdbcUrl=jdbc:mysql://localhost:3306/toxotisdb?useUnicode=true&characterEncoding=UTF8&characterSetResults=UTF-8, c3p0.minPoolSize=50, c3p0.acquireRetryAttempts=50}
17:14:50,532  INFO DataSourceC3P0:61 - Acquired datasource [886abdd9-16e6-4185-9579-f30bbdfd8374] with properties... {c3p0.maxIdleTime=5, c3p0.initialPoolSize=100, user=******, c3p0.numHelperThreads=110, c3p0.acquireIncrement=3, c3p0.checkoutTimeout=0, c3p0.debugUnreturnedConnectionStackTraces=true, c3p0.testConnectionOnCheckout=true, c3p0.testConnectionOnCheckin=true, c3p0.acquireRetryDelay=1000, password=******, c3p0.maxPoolSize=1000, c3p0.jdbcUrl=jdbc:mysql://localhost:3306/toxotisdb?useUnicode=true&characterEncoding=UTF8&characterSetResults=UTF-8, c3p0.minPoolSize=50, c3p0.acquireRetryAttempts=50}
17:17:14,033  INFO DataSourceC3P0:61 - Acquired datasource [c9bd7f46-1e17-4551-94a4-d8aea12c0522] with properties... {c3p0.maxIdleTime=5, c3p0.initialPoolSize=100, user=******, c3p0.numHelperThreads=110, c3p0.acquireIncrement=3, c3p0.checkoutTimeout=0, c3p0.debugUnreturnedConnectionStackTraces=true, c3p0.testConnectionOnCheckout=true, c3p0.testConnectionOnCheckin=true, c3p0.acquireRetryDelay=1000, password=******, c3p0.maxPoolSize=1000, c3p0.jdbcUrl=jdbc:mysql://localhost:3306/toxotisdb?useUnicode=true&characterEncoding=UTF8&characterSetResults=UTF-8, c3p0.minPoolSize=50, c3p0.acquireRetryAttempts=50}
18:06:00,533  INFO DataSourceC3P0:61 - Acquired datasource [bf3323a6-623d-4377-8285-c8f65d0817a0] with properties... {c3p0.maxIdleTime=5, c3p0.initialPoolSize=100, user=******, c3p0.numHelperThreads=110, c3p0.acquireIncrement=3, c3p0.checkoutTimeout=0, c3p0.debugUnreturnedConnectionStackTraces=true, c3p0.testConnectionOnCheckout=true, c3p0.testConnectionOnCheckin=true, c3p0.acquireRetryDelay=1000, password=******, c3p0.maxPoolSize=1000, c3p0.jdbcUrl=jdbc:mysql://localhost:3306/toxotisdb?useUnicode=true&characterEncoding=UTF8&characterSetResults=UTF-8, c3p0.minPoolSize=50, c3p0.acquireRetryAttempts=50}
19:39:05,644  INFO DataSourceC3P0:61 - Acquired datasource [8eec8315-c511-450a-a7cf-e943f915fe6e] with properties... {c3p0.maxIdleTime=5, c3p0.initialPoolSize=100, user=******, c3p0.numHelperThreads=110, c3p0.acquireIncrement=3, c3p0.checkoutTimeout=0, c3p0.debugUnreturnedConnectionStackTraces=true, c3p0.testConnectionOnCheckout=true, c3p0.testConnectionOnCheckin=true, c3p0.acquireRetryDelay=1000, password=******, c3p0.maxPoolSize=1000, c3p0.jdbcUrl=jdbc:mysql://localhost:3306/toxotisdb?useUnicode=true&characterEncoding=UTF8&characterSetResults=UTF-8, c3p0.minPoolSize=50, c3p0.acquireRetryAttempts=50}
19:43:17,667  INFO DataSourceC3P0:61 - Acquired datasource [f1467e08-0aad-407f-a4c0-bc029e73dd5b] with properties... {c3p0.maxIdleTime=5, c3p0.initialPoolSize=100, user=******, c3p0.numHelperThreads=110, c3p0.acquireIncrement=3, c3p0.checkoutTimeout=0, c3p0.debugUnreturnedConnectionStackTraces=true, c3p0.testConnectionOnCheckout=true, c3p0.testConnectionOnCheckin=true, c3p0.acquireRetryDelay=1000, password=******, c3p0.maxPoolSize=1000, c3p0.jdbcUrl=jdbc:mysql://localhost:3306/toxotisdb?useUnicode=true&characterEncoding=UTF8&characterSetResults=UTF-8, c3p0.minPoolSize=50, c3p0.acquireRetryAttempts=50}
19:43:55,656  INFO DataSourceC3P0:61 - Acquired datasource [aad3a211-8257-418f-98b4-213c00f68669] with properties... {c3p0.maxIdleTime=5, c3p0.initialPoolSize=100, user=******, c3p0.numHelperThreads=110, c3p0.acquireIncrement=3, c3p0.checkoutTimeout=0, c3p0.debugUnreturnedConnectionStackTraces=true, c3p0.testConnectionOnCheckout=true, c3p0.testConnectionOnCheckin=true, c3p0.acquireRetryDelay=1000, password=******, c3p0.maxPoolSize=1000, c3p0.jdbcUrl=jdbc:mysql://localhost:3306/toxotisdb?useUnicode=true&characterEncoding=UTF8&characterSetResults=UTF-8, c3p0.minPoolSize=50, c3p0.acquireRetryAttempts=50}
19:46:03,947  INFO DataSourceC3P0:61 - Acquired datasource [1ab75740-68e9-40d4-8ef2-6a33b83ac59b] with properties... {c3p0.maxIdleTime=5, c3p0.initialPoolSize=100, user=******, c3p0.numHelperThreads=110, c3p0.acquireIncrement=3, c3p0.checkoutTimeout=0, c3p0.debugUnreturnedConnectionStackTraces=true, c3p0.testConnectionOnCheckout=true, c3p0.testConnectionOnCheckin=true, c3p0.acquireRetryDelay=1000, password=******, c3p0.maxPoolSize=1000, c3p0.jdbcUrl=jdbc:mysql://localhost:3306/toxotisdb?useUnicode=true&characterEncoding=UTF8&characterSetResults=UTF-8, c3p0.minPoolSize=50, c3p0.acquireRetryAttempts=50}
19:50:47,367  INFO DataSourceC3P0:61 - Acquired datasource [40ee8c56-5765-4a42-810f-560223b2bb4b] with properties... {c3p0.maxIdleTime=5, c3p0.initialPoolSize=100, user=******, c3p0.numHelperThreads=110, c3p0.acquireIncrement=3, c3p0.checkoutTimeout=0, c3p0.debugUnreturnedConnectionStackTraces=true, c3p0.testConnectionOnCheckout=true, c3p0.testConnectionOnCheckin=true, c3p0.acquireRetryDelay=1000, password=******, c3p0.maxPoolSize=1000, c3p0.jdbcUrl=jdbc:mysql://localhost:3306/toxotisdb?useUnicode=true&characterEncoding=UTF8&characterSetResults=UTF-8, c3p0.minPoolSize=50, c3p0.acquireRetryAttempts=50}
19:51:14,726  INFO DataSourceC3P0:61 - Acquired datasource [98749f5c-bed8-42a1-9cbf-315c493d34b2] with properties... {c3p0.maxIdleTime=5, c3p0.initialPoolSize=100, user=******, c3p0.numHelperThreads=110, c3p0.acquireIncrement=3, c3p0.checkoutTimeout=0, c3p0.debugUnreturnedConnectionStackTraces=true, c3p0.testConnectionOnCheckout=true, c3p0.testConnectionOnCheckin=true, c3p0.acquireRetryDelay=1000, password=******, c3p0.maxPoolSize=1000, c3p0.jdbcUrl=jdbc:mysql://localhost:3306/toxotisdb?useUnicode=true&characterEncoding=UTF8&characterSetResults=UTF-8, c3p0.minPoolSize=50, c3p0.acquireRetryAttempts=50}
19:52:06,514  WARN AddUser:72 - SQL statement execution failed while trying to add user in the database
com.mysql.jdbc.exceptions.jdbc4.MySQLIntegrityConstraintViolationException: Duplicate entry 'Sopasakis@opensso.in-silico.ch' for key 'PRIMARY'
	at sun.reflect.NativeConstructorAccessorImpl.newInstance0(Native Method)
	at sun.reflect.NativeConstructorAccessorImpl.newInstance(NativeConstructorAccessorImpl.java:39)
	at sun.reflect.DelegatingConstructorAccessorImpl.newInstance(DelegatingConstructorAccessorImpl.java:27)
	at java.lang.reflect.Constructor.newInstance(Constructor.java:513)
	at com.mysql.jdbc.Util.handleNewInstance(Util.java:407)
	at com.mysql.jdbc.Util.getInstance(Util.java:382)
	at com.mysql.jdbc.SQLError.createSQLException(SQLError.java:1039)
	at com.mysql.jdbc.MysqlIO.checkErrorPacket(MysqlIO.java:3593)
	at com.mysql.jdbc.MysqlIO.checkErrorPacket(MysqlIO.java:3525)
	at com.mysql.jdbc.MysqlIO.sendCommand(MysqlIO.java:1986)
	at com.mysql.jdbc.MysqlIO.sqlQueryDirect(MysqlIO.java:2140)
	at com.mysql.jdbc.ConnectionImpl.execSQL(ConnectionImpl.java:2626)
	at com.mysql.jdbc.PreparedStatement.executeInternal(PreparedStatement.java:2111)
	at com.mysql.jdbc.PreparedStatement.executeUpdate(PreparedStatement.java:2407)
	at com.mysql.jdbc.PreparedStatement.executeUpdate(PreparedStatement.java:2325)
	at com.mysql.jdbc.PreparedStatement.executeUpdate(PreparedStatement.java:2310)
	at com.mchange.v2.c3p0.impl.NewProxyPreparedStatement.executeUpdate(NewProxyPreparedStatement.java:105)
	at org.opentox.toxotis.database.engine.user.AddUser.write(AddUser.java:68)
	at org.opentox.jaqpot3.resources.AlgorithmResource.post(AlgorithmResource.java:157)
	at org.restlet.resource.ServerResource.doHandle(ServerResource.java:465)
	at org.restlet.resource.ServerResource.doNegotiatedHandle(ServerResource.java:522)
	at org.restlet.resource.ServerResource.doConditionalHandle(ServerResource.java:258)
	at org.restlet.resource.ServerResource.handle(ServerResource.java:752)
	at org.restlet.resource.Finder.handle(Finder.java:515)
	at org.restlet.routing.Filter.doHandle(Filter.java:156)
	at org.restlet.routing.Filter.handle(Filter.java:203)
	at org.restlet.routing.Router.doHandle(Router.java:472)
	at org.restlet.routing.Router.handle(Router.java:688)
	at org.restlet.routing.Filter.doHandle(Filter.java:156)
	at org.restlet.routing.Filter.handle(Filter.java:203)
	at org.restlet.routing.Filter.doHandle(Filter.java:156)
	at org.restlet.routing.Filter.handle(Filter.java:203)
	at org.restlet.routing.Filter.doHandle(Filter.java:156)
	at org.restlet.engine.application.StatusFilter.doHandle(StatusFilter.java:152)
	at org.restlet.routing.Filter.handle(Filter.java:203)
	at org.restlet.routing.Filter.doHandle(Filter.java:156)
	at org.restlet.routing.Filter.handle(Filter.java:203)
	at org.restlet.engine.ChainHelper.handle(ChainHelper.java:111)
	at org.restlet.engine.application.ApplicationHelper.handle(ApplicationHelper.java:72)
	at org.restlet.Application.handle(Application.java:379)
	at org.restlet.ext.wadl.WadlApplication.handle(WadlApplication.java:769)
	at org.restlet.routing.Filter.doHandle(Filter.java:156)
	at org.restlet.routing.Filter.handle(Filter.java:203)
	at org.restlet.routing.Router.doHandle(Router.java:472)
	at org.restlet.routing.Router.handle(Router.java:688)
	at org.restlet.routing.Filter.doHandle(Filter.java:156)
	at org.restlet.routing.Filter.handle(Filter.java:203)
	at org.restlet.routing.Router.doHandle(Router.java:472)
	at org.restlet.routing.Router.handle(Router.java:688)
	at org.restlet.routing.Filter.doHandle(Filter.java:156)
	at org.restlet.engine.application.StatusFilter.doHandle(StatusFilter.java:152)
	at org.restlet.routing.Filter.handle(Filter.java:203)
	at org.restlet.routing.Filter.doHandle(Filter.java:156)
	at org.restlet.routing.Filter.handle(Filter.java:203)
	at org.restlet.engine.ChainHelper.handle(ChainHelper.java:111)
	at org.restlet.Component.handle(Component.java:385)
	at org.restlet.Server.handle(Server.java:474)
	at org.restlet.engine.ServerHelper.handle(ServerHelper.java:71)
	at org.restlet.engine.http.HttpServerHelper.handle(HttpServerHelper.java:150)
	at org.restlet.ext.servlet.ServerServlet.service(ServerServlet.java:1035)
	at javax.servlet.http.HttpServlet.service(HttpServlet.java:717)
	at org.apache.catalina.core.ApplicationFilterChain.internalDoFilter(ApplicationFilterChain.java:290)
	at org.apache.catalina.core.ApplicationFilterChain.doFilter(ApplicationFilterChain.java:206)
	at net.bull.javamelody.MonitoringFilter.doFilter(MonitoringFilter.java:151)
	at net.bull.javamelody.MonitoringFilter.doFilter(MonitoringFilter.java:129)
	at org.apache.catalina.core.ApplicationFilterChain.internalDoFilter(ApplicationFilterChain.java:235)
	at org.apache.catalina.core.ApplicationFilterChain.doFilter(ApplicationFilterChain.java:206)
	at org.apache.catalina.core.StandardWrapperValve.invoke(StandardWrapperValve.java:233)
	at org.apache.catalina.core.StandardContextValve.invoke(StandardContextValve.java:191)
	at org.apache.catalina.core.StandardHostValve.invoke(StandardHostValve.java:127)
	at org.apache.catalina.valves.ErrorReportValve.invoke(ErrorReportValve.java:102)
	at org.apache.catalina.core.StandardEngineValve.invoke(StandardEngineValve.java:109)
	at org.apache.catalina.connector.CoyoteAdapter.service(CoyoteAdapter.java:298)
	at org.apache.coyote.http11.Http11Processor.process(Http11Processor.java:857)
	at org.apache.coyote.http11.Http11Protocol$Http11ConnectionHandler.process(Http11Protocol.java:588)
	at org.apache.tomcat.util.net.JIoEndpoint$Worker.run(JIoEndpoint.java:489)
	at java.lang.Thread.run(Thread.java:662)
19:54:07,143  INFO DataSourceC3P0:61 - Acquired datasource [54b1fba9-b3f1-4d72-b540-071e326b1775] with properties... {c3p0.maxIdleTime=5, c3p0.initialPoolSize=100, user=******, c3p0.numHelperThreads=110, c3p0.acquireIncrement=3, c3p0.checkoutTimeout=0, c3p0.debugUnreturnedConnectionStackTraces=true, c3p0.testConnectionOnCheckout=true, c3p0.testConnectionOnCheckin=true, c3p0.acquireRetryDelay=1000, password=******, c3p0.maxPoolSize=1000, c3p0.jdbcUrl=jdbc:mysql://localhost:3306/toxotisdb?useUnicode=true&characterEncoding=UTF8&characterSetResults=UTF-8, c3p0.minPoolSize=50, c3p0.acquireRetryAttempts=50}
20:04:47,590  INFO DataSourceC3P0:61 - Acquired datasource [bf2b34c1-6ef7-44c9-8d6e-104f8e4921b6] with properties... {c3p0.maxIdleTime=5, c3p0.initialPoolSize=100, user=******, c3p0.numHelperThreads=110, c3p0.acquireIncrement=3, c3p0.checkoutTimeout=0, c3p0.debugUnreturnedConnectionStackTraces=true, c3p0.testConnectionOnCheckout=true, c3p0.testConnectionOnCheckin=true, c3p0.acquireRetryDelay=1000, password=******, c3p0.maxPoolSize=1000, c3p0.jdbcUrl=jdbc:mysql://localhost:3306/toxotisdb?useUnicode=true&characterEncoding=UTF8&characterSetResults=UTF-8, c3p0.minPoolSize=50, c3p0.acquireRetryAttempts=50}
20:18:55,312  INFO DataSourceC3P0:61 - Acquired datasource [b8cf1899-3c45-453c-976a-36135d36c061] with properties... {c3p0.maxIdleTime=5, c3p0.initialPoolSize=100, user=******, c3p0.numHelperThreads=110, c3p0.acquireIncrement=3, c3p0.checkoutTimeout=0, c3p0.debugUnreturnedConnectionStackTraces=true, c3p0.testConnectionOnCheckout=true, c3p0.testConnectionOnCheckin=true, c3p0.acquireRetryDelay=1000, password=******, c3p0.maxPoolSize=1000, c3p0.jdbcUrl=jdbc:mysql://localhost:3306/toxotisdb?useUnicode=true&characterEncoding=UTF8&characterSetResults=UTF-8, c3p0.minPoolSize=50, c3p0.acquireRetryAttempts=50}
20:21:02,730  INFO DataSourceC3P0:61 - Acquired datasource [067d0c37-8388-4cc1-bdea-14b2e189e154] with properties... {c3p0.maxIdleTime=5, c3p0.initialPoolSize=100, user=******, c3p0.numHelperThreads=110, c3p0.acquireIncrement=3, c3p0.checkoutTimeout=0, c3p0.debugUnreturnedConnectionStackTraces=true, c3p0.testConnectionOnCheckout=true, c3p0.testConnectionOnCheckin=true, c3p0.acquireRetryDelay=1000, password=******, c3p0.maxPoolSize=1000, c3p0.jdbcUrl=jdbc:mysql://localhost:3306/toxotisdb?useUnicode=true&characterEncoding=UTF8&characterSetResults=UTF-8, c3p0.minPoolSize=50, c3p0.acquireRetryAttempts=50}
20:22:02,517  INFO DataSourceC3P0:61 - Acquired datasource [16845c25-da96-4e7a-8294-9d7e70d2dd13] with properties... {c3p0.maxIdleTime=5, c3p0.initialPoolSize=100, user=******, c3p0.numHelperThreads=110, c3p0.acquireIncrement=3, c3p0.checkoutTimeout=0, c3p0.debugUnreturnedConnectionStackTraces=true, c3p0.testConnectionOnCheckout=true, c3p0.testConnectionOnCheckin=true, c3p0.acquireRetryDelay=1000, password=******, c3p0.maxPoolSize=1000, c3p0.jdbcUrl=jdbc:mysql://localhost:3306/toxotisdb?useUnicode=true&characterEncoding=UTF8&characterSetResults=UTF-8, c3p0.minPoolSize=50, c3p0.acquireRetryAttempts=50}
